/*C2*/SET SCHEMA PUBLIC
CREATE TABLE IF NOT EXISTS Punishments (id INTEGER IDENTITY PRIMARY KEY,name VARCHAR(16),uuid VARCHAR(35),reason VARCHAR(255),operator VARCHAR(16),punishmentType VARCHAR(16),start BIGINT,end BIGINT,calculation VARCHAR(50))
CREATE TABLE IF NOT EXISTS PunishmentHistory (id INTEGER IDENTITY PRIMARY KEY,name VARCHAR(16),uuid VARCHAR(35),reason VARCHAR(255),operator VARCHAR(16),punishmentType VARCHAR(16),start BIGINT,end BIGINT,calculation VARCHAR(50))
/*C4*/SET SCHEMA PUBLIC
DISCONNECT
/*C5*/SET SCHEMA PUBLIC
DISCONNECT
/*C7*/SET SCHEMA PUBLIC
DISCONNECT
/*C8*/SET SCHEMA PUBLIC
DISCONNECT
/*C9*/SET SCHEMA PUBLIC
DISCONNECT
/*C3*/SET SCHEMA PUBLIC
DISCONNECT
/*C2*/DISCONNECT
/*C11*/SET SCHEMA PUBLIC
DISCONNECT
/*C6*/SET SCHEMA PUBLIC
DISCONNECT
/*C10*/SET SCHEMA PUBLIC
DISCONNECT
/*C14*/SET SCHEMA PUBLIC
DISCONNECT
/*C13*/SET SCHEMA PUBLIC
DISCONNECT
/*C16*/SET SCHEMA PUBLIC
DISCONNECT
/*C15*/SET SCHEMA PUBLIC
DISCONNECT
/*C17*/SET SCHEMA PUBLIC
DISCONNECT
/*C12*/SET SCHEMA PUBLIC
DISCONNECT
/*C18*/SET SCHEMA PUBLIC
DISCONNECT
/*C19*/SET SCHEMA PUBLIC
DISCONNECT
