[00:00:07] [Server thread/INFO]: Ruby_HoshinoSan issued server command: /fed
[00:00:11] [Server thread/INFO]: Ruby_HoshinoSan issued server command: /feed
[00:01:26] [Server thread/ERROR]: Could not pass event EntityDamageByEntityEvent to SuperEnchants v3.2.0.1
java.lang.NullPointerException: Cannot invoke "java.lang.Double.doubleValue()" because the return value of "java.util.HashMap.get(Object)" is null
	at SuperEnchants-3.2.0.1-all.jar/com.aznos.superenchants.listener.EntityDamage.onEntityDamage(EntityDamage.java:300) ~[SuperEnchants-3.2.0.1-all.jar:?]
	at co.aikar.timings.TimedEventExecutor.execute(TimedEventExecutor.java:80) ~[paper-api-1.21.4-R0.1-SNAPSHOT.jar:?]
	at org.bukkit.plugin.RegisteredListener.callEvent(RegisteredListener.java:70) ~[paper-api-1.21.4-R0.1-SNAPSHOT.jar:?]
	at io.papermc.paper.plugin.manager.PaperEventManager.callEvent(PaperEventManager.java:54) ~[paper-1.21.4.jar:1.21.4-232-12d8fe0]
	at io.papermc.paper.plugin.manager.PaperPluginManagerImpl.callEvent(PaperPluginManagerImpl.java:131) ~[paper-1.21.4.jar:1.21.4-232-12d8fe0]
	at org.bukkit.plugin.SimplePluginManager.callEvent(SimplePluginManager.java:628) ~[paper-api-1.21.4-R0.1-SNAPSHOT.jar:?]
	at org.bukkit.craftbukkit.event.CraftEventFactory.callEvent(CraftEventFactory.java:276) ~[paper-1.21.4.jar:1.21.4-232-12d8fe0]
	at org.bukkit.craftbukkit.event.CraftEventFactory.callEntityDamageEvent(CraftEventFactory.java:1209) ~[paper-1.21.4.jar:1.21.4-232-12d8fe0]
	at org.bukkit.craftbukkit.event.CraftEventFactory.callEntityDamageEvent(CraftEventFactory.java:1199) ~[paper-1.21.4.jar:1.21.4-232-12d8fe0]
	at org.bukkit.craftbukkit.event.CraftEventFactory.handleEntityDamageEvent(CraftEventFactory.java:1129) ~[paper-1.21.4.jar:1.21.4-232-12d8fe0]
	at org.bukkit.craftbukkit.event.CraftEventFactory.handleEntityDamageEvent(CraftEventFactory.java:1090) ~[paper-1.21.4.jar:1.21.4-232-12d8fe0]
	at org.bukkit.craftbukkit.event.CraftEventFactory.handleLivingEntityDamageEvent(CraftEventFactory.java:1253) ~[paper-1.21.4.jar:1.21.4-232-12d8fe0]
	at net.minecraft.world.entity.LivingEntity.handleEntityDamage(LivingEntity.java:2304) ~[paper-1.21.4.jar:1.21.4-232-12d8fe0]
	at net.minecraft.world.entity.LivingEntity.hurtServer(LivingEntity.java:1433) ~[paper-1.21.4.jar:1.21.4-232-12d8fe0]
	at net.minecraft.world.entity.monster.Zombie.hurtServer(Zombie.java:325) ~[paper-1.21.4.jar:1.21.4-232-12d8fe0]
	at net.minecraft.world.entity.Entity.hurtOrSimulate(Entity.java:2225) ~[paper-1.21.4.jar:1.21.4-232-12d8fe0]
	at net.minecraft.world.entity.player.Player.attack(Player.java:1291) ~[paper-1.21.4.jar:1.21.4-232-12d8fe0]
	at net.minecraft.server.level.ServerPlayer.attack(ServerPlayer.java:2445) ~[paper-1.21.4.jar:1.21.4-232-12d8fe0]
	at net.minecraft.server.network.ServerGamePacketListenerImpl$2.onAttack(ServerGamePacketListenerImpl.java:2834) ~[paper-1.21.4.jar:1.21.4-232-12d8fe0]
	at net.minecraft.network.protocol.game.ServerboundInteractPacket$1.dispatch(ServerboundInteractPacket.java:29) ~[paper-1.21.4.jar:1.21.4-232-12d8fe0]
	at net.minecraft.network.protocol.game.ServerboundInteractPacket.dispatch(ServerboundInteractPacket.java:91) ~[paper-1.21.4.jar:1.21.4-232-12d8fe0]
	at net.minecraft.server.network.ServerGamePacketListenerImpl.handleInteract(ServerGamePacketListenerImpl.java:2757) ~[paper-1.21.4.jar:1.21.4-232-12d8fe0]
	at net.minecraft.network.protocol.game.ServerboundInteractPacket.handle(ServerboundInteractPacket.java:78) ~[paper-1.21.4.jar:1.21.4-232-12d8fe0]
	at net.minecraft.network.protocol.game.ServerboundInteractPacket.handle(ServerboundInteractPacket.java:14) ~[paper-1.21.4.jar:1.21.4-232-12d8fe0]
	at net.minecraft.network.protocol.PacketUtils.lambda$ensureRunningOnSameThread$0(PacketUtils.java:29) ~[paper-1.21.4.jar:1.21.4-232-12d8fe0]
	at net.minecraft.server.TickTask.run(TickTask.java:18) ~[paper-1.21.4.jar:1.21.4-232-12d8fe0]
	at net.minecraft.util.thread.BlockableEventLoop.doRunTask(BlockableEventLoop.java:155) ~[paper-1.21.4.jar:1.21.4-232-12d8fe0]
	at net.minecraft.util.thread.ReentrantBlockableEventLoop.doRunTask(ReentrantBlockableEventLoop.java:24) ~[paper-1.21.4.jar:1.21.4-232-12d8fe0]
	at net.minecraft.server.MinecraftServer.doRunTask(MinecraftServer.java:1448) ~[paper-1.21.4.jar:1.21.4-232-12d8fe0]
	at net.minecraft.server.MinecraftServer.doRunTask(MinecraftServer.java:176) ~[paper-1.21.4.jar:1.21.4-232-12d8fe0]
	at net.minecraft.util.thread.BlockableEventLoop.pollTask(BlockableEventLoop.java:129) ~[paper-1.21.4.jar:1.21.4-232-12d8fe0]
	at net.minecraft.server.MinecraftServer.pollTaskInternal(MinecraftServer.java:1428) ~[paper-1.21.4.jar:1.21.4-232-12d8fe0]
	at net.minecraft.server.MinecraftServer.pollTask(MinecraftServer.java:1422) ~[paper-1.21.4.jar:1.21.4-232-12d8fe0]
	at net.minecraft.util.thread.BlockableEventLoop.managedBlock(BlockableEventLoop.java:139) ~[paper-1.21.4.jar:1.21.4-232-12d8fe0]
	at net.minecraft.server.MinecraftServer.managedBlock(MinecraftServer.java:1379) ~[paper-1.21.4.jar:1.21.4-232-12d8fe0]
	at net.minecraft.server.MinecraftServer.waitUntilNextTick(MinecraftServer.java:1387) ~[paper-1.21.4.jar:1.21.4-232-12d8fe0]
	at net.minecraft.server.MinecraftServer.runServer(MinecraftServer.java:1264) ~[paper-1.21.4.jar:1.21.4-232-12d8fe0]
	at net.minecraft.server.MinecraftServer.lambda$spin$2(MinecraftServer.java:310) ~[paper-1.21.4.jar:1.21.4-232-12d8fe0]
	at java.base/java.lang.Thread.run(Thread.java:1583) ~[?:?]
[00:02:43] [Server thread/INFO]: Ruby_HoshinoSan issued server command: /fly
[00:03:41] [Server thread/ERROR]: [ca.spottedleaf.moonrise.patches.chunk_system.scheduling.NewChunkHolder] Failed to save entity data (68,16) in world 'world'
net.minecraft.ReportedException: Saving entity NBT
	at net.minecraft.world.entity.Entity.saveWithoutId(Entity.java:2530) ~[paper-1.21.4.jar:1.21.4-232-12d8fe0]
	at net.minecraft.world.entity.Entity.saveAsPassenger(Entity.java:2370) ~[paper-1.21.4.jar:1.21.4-232-12d8fe0]
	at net.minecraft.world.entity.Entity.saveAsPassenger(Entity.java:2357) ~[paper-1.21.4.jar:1.21.4-232-12d8fe0]
	at net.minecraft.world.entity.Entity.save(Entity.java:2377) ~[paper-1.21.4.jar:1.21.4-232-12d8fe0]
	at ca.spottedleaf.moonrise.patches.chunk_system.level.entity.ChunkEntitySlices.saveEntityChunk0(ChunkEntitySlices.java:120) ~[paper-1.21.4.jar:1.21.4-232-12d8fe0]
	at ca.spottedleaf.moonrise.patches.chunk_system.level.entity.ChunkEntitySlices.saveEntityChunk(ChunkEntitySlices.java:98) ~[paper-1.21.4.jar:1.21.4-232-12d8fe0]
	at ca.spottedleaf.moonrise.patches.chunk_system.level.entity.ChunkEntitySlices.save(ChunkEntitySlices.java:150) ~[paper-1.21.4.jar:1.21.4-232-12d8fe0]
	at ca.spottedleaf.moonrise.patches.chunk_system.scheduling.NewChunkHolder.saveEntities(NewChunkHolder.java:1805) ~[paper-1.21.4.jar:1.21.4-232-12d8fe0]
	at ca.spottedleaf.moonrise.patches.chunk_system.scheduling.NewChunkHolder.save(NewChunkHolder.java:1727) ~[paper-1.21.4.jar:1.21.4-232-12d8fe0]
	at ca.spottedleaf.moonrise.patches.chunk_system.scheduling.ChunkHolderManager.autoSave(ChunkHolderManager.java:247) ~[paper-1.21.4.jar:1.21.4-232-12d8fe0]
	at net.minecraft.server.level.ChunkMap.processUnloads(ChunkMap.java:430) ~[paper-1.21.4.jar:1.21.4-232-12d8fe0]
	at net.minecraft.server.level.ChunkMap.tick(ChunkMap.java:418) ~[paper-1.21.4.jar:1.21.4-232-12d8fe0]
	at net.minecraft.server.level.ServerChunkCache.tick(ServerChunkCache.java:499) ~[paper-1.21.4.jar:1.21.4-232-12d8fe0]
	at net.minecraft.server.level.ServerLevel.tick(ServerLevel.java:776) ~[paper-1.21.4.jar:1.21.4-232-12d8fe0]
	at net.minecraft.server.MinecraftServer.tickChildren(MinecraftServer.java:1724) ~[paper-1.21.4.jar:1.21.4-232-12d8fe0]
	at net.minecraft.server.MinecraftServer.tickServer(MinecraftServer.java:1529) ~[paper-1.21.4.jar:1.21.4-232-12d8fe0]
	at net.minecraft.server.MinecraftServer.runServer(MinecraftServer.java:1251) ~[paper-1.21.4.jar:1.21.4-232-12d8fe0]
	at net.minecraft.server.MinecraftServer.lambda$spin$2(MinecraftServer.java:310) ~[paper-1.21.4.jar:1.21.4-232-12d8fe0]
	at java.base/java.lang.Thread.run(Thread.java:1583) ~[?:?]
Caused by: java.lang.IllegalStateException: Value must be within range [1;99]: 100
	at com.mojang.serialization.DataResult$Error.getOrThrow(DataResult.java:287) ~[datafixerupper-8.0.16.jar:?]
	at com.mojang.serialization.DataResult.getOrThrow(DataResult.java:81) ~[datafixerupper-8.0.16.jar:?]
	at net.minecraft.world.item.ItemStack.save(ItemStack.java:606) ~[paper-1.21.4.jar:1.21.4-232-12d8fe0]
	at net.minecraft.world.entity.item.ItemEntity.addAdditionalSaveData(ItemEntity.java:383) ~[paper-1.21.4.jar:1.21.4-232-12d8fe0]
	at net.minecraft.world.entity.Entity.addAdditionalSaveData(Entity.java:2700) ~[paper-1.21.4.jar:1.21.4-232-12d8fe0]
	at net.minecraft.world.entity.Entity.saveWithoutId(Entity.java:2482) ~[paper-1.21.4.jar:1.21.4-232-12d8fe0]
	... 18 more
[00:04:08] [Server thread/INFO]: Ruby_HoshinoSan issued server command: /give * chest
[00:07:52] [Server thread/INFO]: Ruby_HoshinoSan issued server command: /fly
[00:08:41] [Server thread/ERROR]: [ca.spottedleaf.moonrise.patches.chunk_system.scheduling.NewChunkHolder] Failed to save entity data (67,16) in world 'world'
net.minecraft.ReportedException: Saving entity NBT
	at net.minecraft.world.entity.Entity.saveWithoutId(Entity.java:2530) ~[paper-1.21.4.jar:1.21.4-232-12d8fe0]
	at net.minecraft.world.entity.Entity.saveAsPassenger(Entity.java:2370) ~[paper-1.21.4.jar:1.21.4-232-12d8fe0]
	at net.minecraft.world.entity.Entity.saveAsPassenger(Entity.java:2357) ~[paper-1.21.4.jar:1.21.4-232-12d8fe0]
	at net.minecraft.world.entity.Entity.save(Entity.java:2377) ~[paper-1.21.4.jar:1.21.4-232-12d8fe0]
	at ca.spottedleaf.moonrise.patches.chunk_system.level.entity.ChunkEntitySlices.saveEntityChunk0(ChunkEntitySlices.java:120) ~[paper-1.21.4.jar:1.21.4-232-12d8fe0]
	at ca.spottedleaf.moonrise.patches.chunk_system.level.entity.ChunkEntitySlices.saveEntityChunk(ChunkEntitySlices.java:98) ~[paper-1.21.4.jar:1.21.4-232-12d8fe0]
	at ca.spottedleaf.moonrise.patches.chunk_system.level.entity.ChunkEntitySlices.save(ChunkEntitySlices.java:150) ~[paper-1.21.4.jar:1.21.4-232-12d8fe0]
	at ca.spottedleaf.moonrise.patches.chunk_system.scheduling.NewChunkHolder.saveEntities(NewChunkHolder.java:1805) ~[paper-1.21.4.jar:1.21.4-232-12d8fe0]
	at ca.spottedleaf.moonrise.patches.chunk_system.scheduling.NewChunkHolder.save(NewChunkHolder.java:1727) ~[paper-1.21.4.jar:1.21.4-232-12d8fe0]
	at ca.spottedleaf.moonrise.patches.chunk_system.scheduling.ChunkHolderManager.autoSave(ChunkHolderManager.java:247) ~[paper-1.21.4.jar:1.21.4-232-12d8fe0]
	at net.minecraft.server.level.ChunkMap.processUnloads(ChunkMap.java:430) ~[paper-1.21.4.jar:1.21.4-232-12d8fe0]
	at net.minecraft.server.level.ChunkMap.tick(ChunkMap.java:418) ~[paper-1.21.4.jar:1.21.4-232-12d8fe0]
	at net.minecraft.server.level.ServerChunkCache.tick(ServerChunkCache.java:499) ~[paper-1.21.4.jar:1.21.4-232-12d8fe0]
	at net.minecraft.server.level.ServerLevel.tick(ServerLevel.java:776) ~[paper-1.21.4.jar:1.21.4-232-12d8fe0]
	at net.minecraft.server.MinecraftServer.tickChildren(MinecraftServer.java:1724) ~[paper-1.21.4.jar:1.21.4-232-12d8fe0]
	at net.minecraft.server.MinecraftServer.tickServer(MinecraftServer.java:1529) ~[paper-1.21.4.jar:1.21.4-232-12d8fe0]
	at net.minecraft.server.MinecraftServer.runServer(MinecraftServer.java:1251) ~[paper-1.21.4.jar:1.21.4-232-12d8fe0]
	at net.minecraft.server.MinecraftServer.lambda$spin$2(MinecraftServer.java:310) ~[paper-1.21.4.jar:1.21.4-232-12d8fe0]
	at java.base/java.lang.Thread.run(Thread.java:1583) ~[?:?]
Caused by: java.lang.IllegalStateException: Value must be within range [1;99]: 100
	at com.mojang.serialization.DataResult$Error.getOrThrow(DataResult.java:287) ~[datafixerupper-8.0.16.jar:?]
	at com.mojang.serialization.DataResult.getOrThrow(DataResult.java:81) ~[datafixerupper-8.0.16.jar:?]
	at net.minecraft.world.item.ItemStack.save(ItemStack.java:606) ~[paper-1.21.4.jar:1.21.4-232-12d8fe0]
	at net.minecraft.world.entity.item.ItemEntity.addAdditionalSaveData(ItemEntity.java:383) ~[paper-1.21.4.jar:1.21.4-232-12d8fe0]
	at net.minecraft.world.entity.Entity.addAdditionalSaveData(Entity.java:2700) ~[paper-1.21.4.jar:1.21.4-232-12d8fe0]
	at net.minecraft.world.entity.Entity.saveWithoutId(Entity.java:2482) ~[paper-1.21.4.jar:1.21.4-232-12d8fe0]
	... 18 more
[00:08:41] [Server thread/ERROR]: [ca.spottedleaf.moonrise.patches.chunk_system.scheduling.NewChunkHolder] Failed to save entity data (67,17) in world 'world'
net.minecraft.ReportedException: Saving entity NBT
	at net.minecraft.world.entity.Entity.saveWithoutId(Entity.java:2530) ~[paper-1.21.4.jar:1.21.4-232-12d8fe0]
	at net.minecraft.world.entity.Entity.saveAsPassenger(Entity.java:2370) ~[paper-1.21.4.jar:1.21.4-232-12d8fe0]
	at net.minecraft.world.entity.Entity.saveAsPassenger(Entity.java:2357) ~[paper-1.21.4.jar:1.21.4-232-12d8fe0]
	at net.minecraft.world.entity.Entity.save(Entity.java:2377) ~[paper-1.21.4.jar:1.21.4-232-12d8fe0]
	at ca.spottedleaf.moonrise.patches.chunk_system.level.entity.ChunkEntitySlices.saveEntityChunk0(ChunkEntitySlices.java:120) ~[paper-1.21.4.jar:1.21.4-232-12d8fe0]
	at ca.spottedleaf.moonrise.patches.chunk_system.level.entity.ChunkEntitySlices.saveEntityChunk(ChunkEntitySlices.java:98) ~[paper-1.21.4.jar:1.21.4-232-12d8fe0]
	at ca.spottedleaf.moonrise.patches.chunk_system.level.entity.ChunkEntitySlices.save(ChunkEntitySlices.java:150) ~[paper-1.21.4.jar:1.21.4-232-12d8fe0]
	at ca.spottedleaf.moonrise.patches.chunk_system.scheduling.NewChunkHolder.saveEntities(NewChunkHolder.java:1805) ~[paper-1.21.4.jar:1.21.4-232-12d8fe0]
	at ca.spottedleaf.moonrise.patches.chunk_system.scheduling.NewChunkHolder.save(NewChunkHolder.java:1727) ~[paper-1.21.4.jar:1.21.4-232-12d8fe0]
	at ca.spottedleaf.moonrise.patches.chunk_system.scheduling.ChunkHolderManager.autoSave(ChunkHolderManager.java:247) ~[paper-1.21.4.jar:1.21.4-232-12d8fe0]
	at net.minecraft.server.level.ChunkMap.processUnloads(ChunkMap.java:430) ~[paper-1.21.4.jar:1.21.4-232-12d8fe0]
	at net.minecraft.server.level.ChunkMap.tick(ChunkMap.java:418) ~[paper-1.21.4.jar:1.21.4-232-12d8fe0]
	at net.minecraft.server.level.ServerChunkCache.tick(ServerChunkCache.java:499) ~[paper-1.21.4.jar:1.21.4-232-12d8fe0]
	at net.minecraft.server.level.ServerLevel.tick(ServerLevel.java:776) ~[paper-1.21.4.jar:1.21.4-232-12d8fe0]
	at net.minecraft.server.MinecraftServer.tickChildren(MinecraftServer.java:1724) ~[paper-1.21.4.jar:1.21.4-232-12d8fe0]
	at net.minecraft.server.MinecraftServer.tickServer(MinecraftServer.java:1529) ~[paper-1.21.4.jar:1.21.4-232-12d8fe0]
	at net.minecraft.server.MinecraftServer.runServer(MinecraftServer.java:1251) ~[paper-1.21.4.jar:1.21.4-232-12d8fe0]
	at net.minecraft.server.MinecraftServer.lambda$spin$2(MinecraftServer.java:310) ~[paper-1.21.4.jar:1.21.4-232-12d8fe0]
	at java.base/java.lang.Thread.run(Thread.java:1583) ~[?:?]
Caused by: java.lang.IllegalStateException: Value must be within range [1;99]: 100
	at com.mojang.serialization.DataResult$Error.getOrThrow(DataResult.java:287) ~[datafixerupper-8.0.16.jar:?]
	at com.mojang.serialization.DataResult.getOrThrow(DataResult.java:81) ~[datafixerupper-8.0.16.jar:?]
	at net.minecraft.world.item.ItemStack.save(ItemStack.java:606) ~[paper-1.21.4.jar:1.21.4-232-12d8fe0]
	at net.minecraft.world.entity.item.ItemEntity.addAdditionalSaveData(ItemEntity.java:383) ~[paper-1.21.4.jar:1.21.4-232-12d8fe0]
	at net.minecraft.world.entity.Entity.addAdditionalSaveData(Entity.java:2700) ~[paper-1.21.4.jar:1.21.4-232-12d8fe0]
	at net.minecraft.world.entity.Entity.saveWithoutId(Entity.java:2482) ~[paper-1.21.4.jar:1.21.4-232-12d8fe0]
	... 18 more
[00:08:41] [Server thread/ERROR]: [ca.spottedleaf.moonrise.patches.chunk_system.scheduling.NewChunkHolder] Failed to save entity data (68,17) in world 'world'
net.minecraft.ReportedException: Saving entity NBT
	at net.minecraft.world.entity.Entity.saveWithoutId(Entity.java:2530) ~[paper-1.21.4.jar:1.21.4-232-12d8fe0]
	at net.minecraft.world.entity.Entity.saveAsPassenger(Entity.java:2370) ~[paper-1.21.4.jar:1.21.4-232-12d8fe0]
	at net.minecraft.world.entity.Entity.saveAsPassenger(Entity.java:2357) ~[paper-1.21.4.jar:1.21.4-232-12d8fe0]
	at net.minecraft.world.entity.Entity.save(Entity.java:2377) ~[paper-1.21.4.jar:1.21.4-232-12d8fe0]
	at ca.spottedleaf.moonrise.patches.chunk_system.level.entity.ChunkEntitySlices.saveEntityChunk0(ChunkEntitySlices.java:120) ~[paper-1.21.4.jar:1.21.4-232-12d8fe0]
	at ca.spottedleaf.moonrise.patches.chunk_system.level.entity.ChunkEntitySlices.saveEntityChunk(ChunkEntitySlices.java:98) ~[paper-1.21.4.jar:1.21.4-232-12d8fe0]
	at ca.spottedleaf.moonrise.patches.chunk_system.level.entity.ChunkEntitySlices.save(ChunkEntitySlices.java:150) ~[paper-1.21.4.jar:1.21.4-232-12d8fe0]
	at ca.spottedleaf.moonrise.patches.chunk_system.scheduling.NewChunkHolder.saveEntities(NewChunkHolder.java:1805) ~[paper-1.21.4.jar:1.21.4-232-12d8fe0]
	at ca.spottedleaf.moonrise.patches.chunk_system.scheduling.NewChunkHolder.save(NewChunkHolder.java:1727) ~[paper-1.21.4.jar:1.21.4-232-12d8fe0]
	at ca.spottedleaf.moonrise.patches.chunk_system.scheduling.ChunkHolderManager.autoSave(ChunkHolderManager.java:247) ~[paper-1.21.4.jar:1.21.4-232-12d8fe0]
	at net.minecraft.server.level.ChunkMap.processUnloads(ChunkMap.java:430) ~[paper-1.21.4.jar:1.21.4-232-12d8fe0]
	at net.minecraft.server.level.ChunkMap.tick(ChunkMap.java:418) ~[paper-1.21.4.jar:1.21.4-232-12d8fe0]
	at net.minecraft.server.level.ServerChunkCache.tick(ServerChunkCache.java:499) ~[paper-1.21.4.jar:1.21.4-232-12d8fe0]
	at net.minecraft.server.level.ServerLevel.tick(ServerLevel.java:776) ~[paper-1.21.4.jar:1.21.4-232-12d8fe0]
	at net.minecraft.server.MinecraftServer.tickChildren(MinecraftServer.java:1724) ~[paper-1.21.4.jar:1.21.4-232-12d8fe0]
	at net.minecraft.server.MinecraftServer.tickServer(MinecraftServer.java:1529) ~[paper-1.21.4.jar:1.21.4-232-12d8fe0]
	at net.minecraft.server.MinecraftServer.runServer(MinecraftServer.java:1251) ~[paper-1.21.4.jar:1.21.4-232-12d8fe0]
	at net.minecraft.server.MinecraftServer.lambda$spin$2(MinecraftServer.java:310) ~[paper-1.21.4.jar:1.21.4-232-12d8fe0]
	at java.base/java.lang.Thread.run(Thread.java:1583) ~[?:?]
Caused by: java.lang.IllegalStateException: Value must be within range [1;99]: 100
	at com.mojang.serialization.DataResult$Error.getOrThrow(DataResult.java:287) ~[datafixerupper-8.0.16.jar:?]
	at com.mojang.serialization.DataResult.getOrThrow(DataResult.java:81) ~[datafixerupper-8.0.16.jar:?]
	at net.minecraft.world.item.ItemStack.save(ItemStack.java:606) ~[paper-1.21.4.jar:1.21.4-232-12d8fe0]
	at net.minecraft.world.entity.item.ItemEntity.addAdditionalSaveData(ItemEntity.java:383) ~[paper-1.21.4.jar:1.21.4-232-12d8fe0]
	at net.minecraft.world.entity.Entity.addAdditionalSaveData(Entity.java:2700) ~[paper-1.21.4.jar:1.21.4-232-12d8fe0]
	at net.minecraft.world.entity.Entity.saveWithoutId(Entity.java:2482) ~[paper-1.21.4.jar:1.21.4-232-12d8fe0]
	... 18 more
[00:14:36] [Server thread/INFO]: Ruby_HoshinoSan issued server command: /gm 1
[00:14:44] [Server thread/INFO]: Ruby_HoshinoSan issued server command: //wand
[00:15:07] [Server thread/INFO]: Ruby_HoshinoSan issued server command: /stack 100
[00:15:20] [Server thread/INFO]: Ruby_HoshinoSan issued server command: //stack me 100
[00:15:25] [Server thread/INFO]: Ruby_HoshinoSan issued server command: //stack 100 me
[00:15:25] [AsyncNotifyKeyedQueue - 0/INFO]: Using com.sk89q.worldedit.bukkit.adapter.impl.fawe.v1_21_4.PaperweightStarlightRelighterFactory as relighter factory.
[00:16:08] [Server thread/INFO]: Ruby_HoshinoSan issued server command: //set 0
[00:16:48] [Server thread/INFO]: Ruby_HoshinoSan issued server command: //schematic save Cofres
[00:16:51] [Server thread/INFO]: Ruby_HoshinoSan issued server command: //copy
[00:16:53] [Server thread/INFO]: Ruby_HoshinoSan issued server command: //schematic save Cofres
[00:16:53] [WorldEdit Task Executor - 0/INFO]: Ruby_HoshinoSan saved /workspaces/Minecraft_Server/servidor_minecraft/plugins/FastAsyncWorldEdit/schematics/Cofres.schem
[00:17:11] [Server thread/INFO]: Ruby_HoshinoSan issued server command: //schem load cofres
[00:17:16] [Server thread/INFO]: Ruby_HoshinoSan issued server command: //schem load Cofres
[00:17:24] [Server thread/INFO]: Ruby_HoshinoSan issued server command: //paste
[00:17:34] [Server thread/INFO]: Ruby_HoshinoSan issued server command: /undo
[00:17:44] [Server thread/INFO]: Ruby_HoshinoSan issued server command: /up 100
[00:17:55] [Server thread/INFO]: Ruby_HoshinoSan issued server command: //paste
[00:18:03] [Server thread/INFO]: Ruby_HoshinoSan issued server command: /undo
[00:18:20] [Server thread/INFO]: Ruby_HoshinoSan issued server command: //paste
[00:18:33] [Server thread/ERROR]: Could not pass event EntityDamageByEntityEvent to SuperEnchants v3.2.0.1
java.lang.NullPointerException: Cannot invoke "java.lang.Double.doubleValue()" because the return value of "java.util.HashMap.get(Object)" is null
	at SuperEnchants-3.2.0.1-all.jar/com.aznos.superenchants.listener.EntityDamage.onEntityDamage(EntityDamage.java:300) ~[SuperEnchants-3.2.0.1-all.jar:?]
	at co.aikar.timings.TimedEventExecutor.execute(TimedEventExecutor.java:80) ~[paper-api-1.21.4-R0.1-SNAPSHOT.jar:?]
	at org.bukkit.plugin.RegisteredListener.callEvent(RegisteredListener.java:70) ~[paper-api-1.21.4-R0.1-SNAPSHOT.jar:?]
	at io.papermc.paper.plugin.manager.PaperEventManager.callEvent(PaperEventManager.java:54) ~[paper-1.21.4.jar:1.21.4-232-12d8fe0]
	at io.papermc.paper.plugin.manager.PaperPluginManagerImpl.callEvent(PaperPluginManagerImpl.java:131) ~[paper-1.21.4.jar:1.21.4-232-12d8fe0]
	at org.bukkit.plugin.SimplePluginManager.callEvent(SimplePluginManager.java:628) ~[paper-api-1.21.4-R0.1-SNAPSHOT.jar:?]
	at org.bukkit.craftbukkit.event.CraftEventFactory.callEvent(CraftEventFactory.java:276) ~[paper-1.21.4.jar:1.21.4-232-12d8fe0]
	at org.bukkit.craftbukkit.event.CraftEventFactory.callEntityDamageEvent(CraftEventFactory.java:1209) ~[paper-1.21.4.jar:1.21.4-232-12d8fe0]
	at org.bukkit.craftbukkit.event.CraftEventFactory.callEntityDamageEvent(CraftEventFactory.java:1199) ~[paper-1.21.4.jar:1.21.4-232-12d8fe0]
	at org.bukkit.craftbukkit.event.CraftEventFactory.handleEntityDamageEvent(CraftEventFactory.java:1129) ~[paper-1.21.4.jar:1.21.4-232-12d8fe0]
	at org.bukkit.craftbukkit.event.CraftEventFactory.handleEntityDamageEvent(CraftEventFactory.java:1090) ~[paper-1.21.4.jar:1.21.4-232-12d8fe0]
	at org.bukkit.craftbukkit.event.CraftEventFactory.handleLivingEntityDamageEvent(CraftEventFactory.java:1253) ~[paper-1.21.4.jar:1.21.4-232-12d8fe0]
	at net.minecraft.world.entity.LivingEntity.handleEntityDamage(LivingEntity.java:2304) ~[paper-1.21.4.jar:1.21.4-232-12d8fe0]
	at net.minecraft.world.entity.LivingEntity.hurtServer(LivingEntity.java:1419) ~[paper-1.21.4.jar:1.21.4-232-12d8fe0]
	at net.minecraft.world.entity.monster.Zombie.hurtServer(Zombie.java:325) ~[paper-1.21.4.jar:1.21.4-232-12d8fe0]
	at net.minecraft.world.entity.Entity.hurtOrSimulate(Entity.java:2225) ~[paper-1.21.4.jar:1.21.4-232-12d8fe0]
	at net.minecraft.world.entity.player.Player.attack(Player.java:1291) ~[paper-1.21.4.jar:1.21.4-232-12d8fe0]
	at net.minecraft.server.level.ServerPlayer.attack(ServerPlayer.java:2445) ~[paper-1.21.4.jar:1.21.4-232-12d8fe0]
	at net.minecraft.server.network.ServerGamePacketListenerImpl$2.onAttack(ServerGamePacketListenerImpl.java:2834) ~[paper-1.21.4.jar:1.21.4-232-12d8fe0]
	at net.minecraft.network.protocol.game.ServerboundInteractPacket$1.dispatch(ServerboundInteractPacket.java:29) ~[paper-1.21.4.jar:1.21.4-232-12d8fe0]
	at net.minecraft.network.protocol.game.ServerboundInteractPacket.dispatch(ServerboundInteractPacket.java:91) ~[paper-1.21.4.jar:1.21.4-232-12d8fe0]
	at net.minecraft.server.network.ServerGamePacketListenerImpl.handleInteract(ServerGamePacketListenerImpl.java:2757) ~[paper-1.21.4.jar:1.21.4-232-12d8fe0]
	at net.minecraft.network.protocol.game.ServerboundInteractPacket.handle(ServerboundInteractPacket.java:78) ~[paper-1.21.4.jar:1.21.4-232-12d8fe0]
	at net.minecraft.network.protocol.game.ServerboundInteractPacket.handle(ServerboundInteractPacket.java:14) ~[paper-1.21.4.jar:1.21.4-232-12d8fe0]
	at net.minecraft.network.protocol.PacketUtils.lambda$ensureRunningOnSameThread$0(PacketUtils.java:29) ~[paper-1.21.4.jar:1.21.4-232-12d8fe0]
	at net.minecraft.server.TickTask.run(TickTask.java:18) ~[paper-1.21.4.jar:1.21.4-232-12d8fe0]
	at net.minecraft.util.thread.BlockableEventLoop.doRunTask(BlockableEventLoop.java:155) ~[paper-1.21.4.jar:1.21.4-232-12d8fe0]
	at net.minecraft.util.thread.ReentrantBlockableEventLoop.doRunTask(ReentrantBlockableEventLoop.java:24) ~[paper-1.21.4.jar:1.21.4-232-12d8fe0]
	at net.minecraft.server.MinecraftServer.doRunTask(MinecraftServer.java:1448) ~[paper-1.21.4.jar:1.21.4-232-12d8fe0]
	at net.minecraft.server.MinecraftServer.doRunTask(MinecraftServer.java:176) ~[paper-1.21.4.jar:1.21.4-232-12d8fe0]
	at net.minecraft.util.thread.BlockableEventLoop.pollTask(BlockableEventLoop.java:129) ~[paper-1.21.4.jar:1.21.4-232-12d8fe0]
	at net.minecraft.server.MinecraftServer.pollTaskInternal(MinecraftServer.java:1428) ~[paper-1.21.4.jar:1.21.4-232-12d8fe0]
	at net.minecraft.server.MinecraftServer.pollTask(MinecraftServer.java:1422) ~[paper-1.21.4.jar:1.21.4-232-12d8fe0]
	at net.minecraft.util.thread.BlockableEventLoop.managedBlock(BlockableEventLoop.java:139) ~[paper-1.21.4.jar:1.21.4-232-12d8fe0]
	at net.minecraft.server.MinecraftServer.managedBlock(MinecraftServer.java:1379) ~[paper-1.21.4.jar:1.21.4-232-12d8fe0]
	at net.minecraft.server.MinecraftServer.waitUntilNextTick(MinecraftServer.java:1387) ~[paper-1.21.4.jar:1.21.4-232-12d8fe0]
	at net.minecraft.server.MinecraftServer.runServer(MinecraftServer.java:1264) ~[paper-1.21.4.jar:1.21.4-232-12d8fe0]
	at net.minecraft.server.MinecraftServer.lambda$spin$2(MinecraftServer.java:310) ~[paper-1.21.4.jar:1.21.4-232-12d8fe0]
	at java.base/java.lang.Thread.run(Thread.java:1583) ~[?:?]
[00:18:33] [Server thread/ERROR]: Could not pass event EntityDamageByEntityEvent to SuperEnchants v3.2.0.1
java.lang.NullPointerException: Cannot invoke "java.lang.Double.doubleValue()" because the return value of "java.util.HashMap.get(Object)" is null
	at SuperEnchants-3.2.0.1-all.jar/com.aznos.superenchants.listener.EntityDamage.onEntityDamage(EntityDamage.java:300) ~[SuperEnchants-3.2.0.1-all.jar:?]
	at co.aikar.timings.TimedEventExecutor.execute(TimedEventExecutor.java:80) ~[paper-api-1.21.4-R0.1-SNAPSHOT.jar:?]
	at org.bukkit.plugin.RegisteredListener.callEvent(RegisteredListener.java:70) ~[paper-api-1.21.4-R0.1-SNAPSHOT.jar:?]
	at io.papermc.paper.plugin.manager.PaperEventManager.callEvent(PaperEventManager.java:54) ~[paper-1.21.4.jar:1.21.4-232-12d8fe0]
	at io.papermc.paper.plugin.manager.PaperPluginManagerImpl.callEvent(PaperPluginManagerImpl.java:131) ~[paper-1.21.4.jar:1.21.4-232-12d8fe0]
	at org.bukkit.plugin.SimplePluginManager.callEvent(SimplePluginManager.java:628) ~[paper-api-1.21.4-R0.1-SNAPSHOT.jar:?]
	at org.bukkit.craftbukkit.event.CraftEventFactory.callEvent(CraftEventFactory.java:276) ~[paper-1.21.4.jar:1.21.4-232-12d8fe0]
	at org.bukkit.craftbukkit.event.CraftEventFactory.callEntityDamageEvent(CraftEventFactory.java:1209) ~[paper-1.21.4.jar:1.21.4-232-12d8fe0]
	at org.bukkit.craftbukkit.event.CraftEventFactory.callEntityDamageEvent(CraftEventFactory.java:1199) ~[paper-1.21.4.jar:1.21.4-232-12d8fe0]
	at org.bukkit.craftbukkit.event.CraftEventFactory.handleEntityDamageEvent(CraftEventFactory.java:1129) ~[paper-1.21.4.jar:1.21.4-232-12d8fe0]
	at org.bukkit.craftbukkit.event.CraftEventFactory.handleEntityDamageEvent(CraftEventFactory.java:1090) ~[paper-1.21.4.jar:1.21.4-232-12d8fe0]
	at org.bukkit.craftbukkit.event.CraftEventFactory.handleLivingEntityDamageEvent(CraftEventFactory.java:1253) ~[paper-1.21.4.jar:1.21.4-232-12d8fe0]
	at net.minecraft.world.entity.LivingEntity.handleEntityDamage(LivingEntity.java:2304) ~[paper-1.21.4.jar:1.21.4-232-12d8fe0]
	at net.minecraft.world.entity.LivingEntity.hurtServer(LivingEntity.java:1419) ~[paper-1.21.4.jar:1.21.4-232-12d8fe0]
	at net.minecraft.world.entity.player.Player.attack(Player.java:1330) ~[paper-1.21.4.jar:1.21.4-232-12d8fe0]
	at net.minecraft.server.level.ServerPlayer.attack(ServerPlayer.java:2445) ~[paper-1.21.4.jar:1.21.4-232-12d8fe0]
	at net.minecraft.server.network.ServerGamePacketListenerImpl$2.onAttack(ServerGamePacketListenerImpl.java:2834) ~[paper-1.21.4.jar:1.21.4-232-12d8fe0]
	at net.minecraft.network.protocol.game.ServerboundInteractPacket$1.dispatch(ServerboundInteractPacket.java:29) ~[paper-1.21.4.jar:1.21.4-232-12d8fe0]
	at net.minecraft.network.protocol.game.ServerboundInteractPacket.dispatch(ServerboundInteractPacket.java:91) ~[paper-1.21.4.jar:1.21.4-232-12d8fe0]
	at net.minecraft.server.network.ServerGamePacketListenerImpl.handleInteract(ServerGamePacketListenerImpl.java:2757) ~[paper-1.21.4.jar:1.21.4-232-12d8fe0]
	at net.minecraft.network.protocol.game.ServerboundInteractPacket.handle(ServerboundInteractPacket.java:78) ~[paper-1.21.4.jar:1.21.4-232-12d8fe0]
	at net.minecraft.network.protocol.game.ServerboundInteractPacket.handle(ServerboundInteractPacket.java:14) ~[paper-1.21.4.jar:1.21.4-232-12d8fe0]
	at net.minecraft.network.protocol.PacketUtils.lambda$ensureRunningOnSameThread$0(PacketUtils.java:29) ~[paper-1.21.4.jar:1.21.4-232-12d8fe0]
	at net.minecraft.server.TickTask.run(TickTask.java:18) ~[paper-1.21.4.jar:1.21.4-232-12d8fe0]
	at net.minecraft.util.thread.BlockableEventLoop.doRunTask(BlockableEventLoop.java:155) ~[paper-1.21.4.jar:1.21.4-232-12d8fe0]
	at net.minecraft.util.thread.ReentrantBlockableEventLoop.doRunTask(ReentrantBlockableEventLoop.java:24) ~[paper-1.21.4.jar:1.21.4-232-12d8fe0]
	at net.minecraft.server.MinecraftServer.doRunTask(MinecraftServer.java:1448) ~[paper-1.21.4.jar:1.21.4-232-12d8fe0]
	at net.minecraft.server.MinecraftServer.doRunTask(MinecraftServer.java:176) ~[paper-1.21.4.jar:1.21.4-232-12d8fe0]
	at net.minecraft.util.thread.BlockableEventLoop.pollTask(BlockableEventLoop.java:129) ~[paper-1.21.4.jar:1.21.4-232-12d8fe0]
	at net.minecraft.server.MinecraftServer.pollTaskInternal(MinecraftServer.java:1428) ~[paper-1.21.4.jar:1.21.4-232-12d8fe0]
	at net.minecraft.server.MinecraftServer.pollTask(MinecraftServer.java:1422) ~[paper-1.21.4.jar:1.21.4-232-12d8fe0]
	at net.minecraft.util.thread.BlockableEventLoop.managedBlock(BlockableEventLoop.java:139) ~[paper-1.21.4.jar:1.21.4-232-12d8fe0]
	at net.minecraft.server.MinecraftServer.managedBlock(MinecraftServer.java:1379) ~[paper-1.21.4.jar:1.21.4-232-12d8fe0]
	at net.minecraft.server.MinecraftServer.waitUntilNextTick(MinecraftServer.java:1387) ~[paper-1.21.4.jar:1.21.4-232-12d8fe0]
	at net.minecraft.server.MinecraftServer.runServer(MinecraftServer.java:1264) ~[paper-1.21.4.jar:1.21.4-232-12d8fe0]
	at net.minecraft.server.MinecraftServer.lambda$spin$2(MinecraftServer.java:310) ~[paper-1.21.4.jar:1.21.4-232-12d8fe0]
	at java.base/java.lang.Thread.run(Thread.java:1583) ~[?:?]
[00:19:17] [Server thread/INFO]: Ruby_HoshinoSan issued server command: //stack 102 me
[00:19:27] [Server thread/INFO]: Ruby_HoshinoSan issued server command: /undo
[00:19:54] [Server thread/INFO]: Ruby_HoshinoSan issued server command: //stack 100 mee
[00:19:56] [Server thread/INFO]: Ruby_HoshinoSan issued server command: //stack 100 me
[00:20:22] [Server thread/INFO]: Ruby_HoshinoSan issued server command: //set 0
[00:20:38] [Server thread/INFO]: Ruby_HoshinoSan issued server command: //replace water air
[00:20:49] [Server thread/INFO]: Ruby_HoshinoSan issued server command: //replace air water
[00:20:59] [Server thread/INFO]: Ruby_HoshinoSan issued server command: //replace water air
[00:21:35] [Server thread/INFO]: Ruby_HoshinoSan issued server command: /flyspeed fly 1
[00:21:45] [Server thread/INFO]: Ruby_HoshinoSan issued server command: /up 1
[00:22:00] [Server thread/INFO]: Ruby_HoshinoSan issued server command: //replace water air
[00:22:15] [Server thread/INFO]: Ruby_HoshinoSan issued server command: /flyspeed fly 5
[00:22:36] [Server thread/INFO]: Ruby_HoshinoSan issued server command: //replace grass_block hand
[00:23:57] [Server thread/INFO]: Ruby_HoshinoSan issued server command: //set hnd
[00:24:00] [Server thread/INFO]: Ruby_HoshinoSan issued server command: //set hand
[00:24:23] [Server thread/INFO]: Ruby_HoshinoSan issued server command: //set hand
[00:24:36] [Server thread/INFO]: Ruby_HoshinoSan issued server command: //set hand
[00:26:57] [Server thread/INFO]: Ruby_HoshinoSan issued server command: //set hand
[00:27:11] [Server thread/INFO]: Ruby_HoshinoSan issued server command: //set hand
[00:27:25] [Server thread/INFO]: Ruby_HoshinoSan issued server command: //set hand
[00:27:47] [Server thread/INFO]: Ruby_HoshinoSan issued server command: /up 100
[00:28:05] [Server thread/INFO]: Ruby_HoshinoSan issued server command: //set hand
[00:28:25] [Server thread/INFO]: Ruby_HoshinoSan issued server command: //set 0
[00:28:59] [Server thread/INFO]: Ruby_HoshinoSan issued server command: //walls hand
[00:29:24] [Server thread/INFO]: Ruby_HoshinoSan issued server command: //set 0
[00:29:41] [Server thread/INFO]: Ruby_HoshinoSan issued server command: //set hand
[00:35:19] [Server thread/INFO]: Ruby_HoshinoSan issued server command: /gm 0
[00:35:23] [Server thread/INFO]: Ruby_HoshinoSan issued server command: /gm 1
[00:35:30] [Server thread/INFO]: Ruby_HoshinoSan issued server command: //wand
[00:35:47] [Server thread/INFO]: Ruby_HoshinoSan issued server command: //set 0
[00:36:00] [Server thread/INFO]: Ruby_HoshinoSan issued server command: //set hand
[00:36:14] [Server thread/INFO]: Ruby_HoshinoSan issued server command: //set hand
[00:36:25] [Server thread/INFO]: Ruby_HoshinoSan issued server command: //set hand
[00:36:49] [Server thread/INFO]: Ruby_HoshinoSan issued server command: //set hand
[00:37:01] [Server thread/INFO]: Ruby_HoshinoSan issued server command: //set hand
[00:37:06] [Server thread/INFO]: Ruby_HoshinoSan issued server command: /heal
[00:42:23] [Server thread/INFO]: Ruby_HoshinoSan issued server command: //set hand
[00:44:06] [Server thread/INFO]: Ruby_HoshinoSan issued server command: //set hand
[00:44:27] [Server thread/INFO]: Ruby_HoshinoSan issued server command: //set hand
[00:51:54] [Server thread/INFO]: Ruby_HoshinoSan issued server command: /flyspeed fly 1
[01:10:58] [Server thread/INFO]: Ruby_HoshinoSan lost connection: Disconnected
[01:10:58] [Server thread/INFO]: [-] OWNER Ruby_HoshinoSan
[01:11:11] [Server thread/INFO]: Stopping the server
[01:11:11] [Server thread/INFO]: Stopping server
[01:11:11] [Server thread/INFO]: [ZNPCsPlus] Disabling ZNPCsPlus v2.0.0
[01:11:11] [Server thread/INFO]: [UberEnchant] Disabling UberEnchant v8.11.7
[01:11:11] [Server thread/INFO]: [Multiverse-SignPortals] Disabling Multiverse-SignPortals v5.0.1
[01:11:11] [Server thread/INFO]: [Multiverse-SignPortals] - Disabled
[01:11:11] [Server thread/INFO]: [Veinminer-Enchantment] Disabling Veinminer-Enchantment v2.2.2
[01:11:11] [Server thread/INFO]: [SkinsRestorer] Disabling SkinsRestorer v15.7.9
[01:11:11] [Server thread/INFO]: [NexEngine] Disabling NexEngine v2.2.12
[01:11:11] [Server thread/INFO]: [TAB] Disabling TAB v5.2.4
[01:11:11] [Server thread/INFO]: [TAB] Disabled in 1ms
[01:11:11] [Server thread/INFO]: [zMenu] Disabling zMenu v1.1.0.2
[01:11:11] [Server thread/INFO]: [zMenu v1.1.0.2] === DISABLE START ===
[01:11:11] [Server thread/INFO]: [zMenu v1.1.0.2] === DISABLE DONE (1ms) ===
[01:11:11] [Server thread/INFO]: [EconomyShopGUI] Disabling EconomyShopGUI v6.14.4
[01:11:11] [Server thread/INFO]: [SuperEnchants] Disabling SuperEnchants v3.2.0.1
[01:11:11] [Server thread/INFO]: [NDailyRewards] Disabling NDailyRewards v3.3.0
[01:11:11] [Server thread/INFO]: [com.zaxxer.hikari.HikariDataSource] NDailyRewards - Shutdown initiated...
[01:11:11] [Server thread/INFO]: [com.zaxxer.hikari.HikariDataSource] NDailyRewards - Shutdown completed.
[01:11:11] [Server thread/INFO]: [CommandAPI] Disabling CommandAPI v10.1.2
[01:11:11] [Server thread/INFO]: [Tebex] Disabling Tebex v2.2.1
[01:11:11] [Server thread/INFO]: [AuraSkills] Disabling AuraSkills v2.3.6
[01:11:11] [Server thread/INFO]: [InventoryRollbackPlus] Disabling InventoryRollbackPlus v1.7.6
[01:11:11] [Server thread/INFO]: [InventoryRollbackPlus] Setting shutdown state
[01:11:11] [Server thread/INFO]: [InventoryRollbackPlus] Saving player inventories...
[01:11:11] [Server thread/INFO]: [InventoryRollbackPlus] Done saving player inventories!
[01:11:11] [Server thread/INFO]: [InventoryRollbackPlus] Plugin is disabled!
[01:11:11] [Server thread/INFO]: [EnchantHandler] Disabling EnchantHandler v1.0
[01:11:11] [Server thread/INFO]: [CrazyEnchantments] Disabling CrazyEnchantments v2.5.2
[01:11:11] [Server thread/INFO]: [EnchantedBook] Disabling EnchantedBook v0.6.2
[01:11:11] [Server thread/INFO]: [EnchantLimitRemover] Disabling EnchantLimitRemover v2.1
[01:11:11] [Server thread/INFO]: [EnchantLimitRemover] ==================================================
[01:11:11] [Server thread/INFO]: [EnchantLimitRemover] EnchantmentLimitRemover has been disabled!
[01:11:11] [Server thread/INFO]: [EnchantLimitRemover] Thank you for using our plugin!
[01:11:11] [Server thread/INFO]: [EnchantLimitRemover] ==================================================
[01:11:11] [Server thread/INFO]: [CommandPanels] Disabling CommandPanels v3.22.5
[01:11:11] [Server thread/INFO]: RockyHawk's CommandPanels Plugin Disabled, aww man.
[01:11:11] [Server thread/INFO]: [CrazyCrates] Disabling CrazyCrates v4.9.8
[01:11:11] [Server thread/INFO]: [nightcore] Disabling nightcore v2.7.12.4
[01:11:11] [Server thread/INFO]: [SternalBoard] Disabling SternalBoard v2.3.2
[01:11:11] [Server thread/INFO]: [AdvancedBanX] Disabling AdvancedBanX v3.1.0
[01:11:11] [Server thread/INFO]: [AdvancedBanX] 

[]=====[Disabling AdvancedBanX]=====[]
| Information:
|   Name: AdvancedBanX
|   Developer: Leoko
|   Maintainer & Updater: 2vY
|   Version: 3.1.0
|   Storage: HSQLDB (local)
| Support:
|   GitHub: https://github.com/hlpdev/AdvancedBanX/issues
[]================================[]
 
[01:11:11] [Server thread/INFO]: [Multiverse-Inventories] Disabling Multiverse-Inventories v5.1.1
[01:11:11] [Server thread/INFO]: [FokusAPI] Disabling FokusAPI v2.8
[01:11:11] [Server thread/INFO]: [ProtectionStones] Disabling ProtectionStones v2.10.5
[01:11:11] [Server thread/INFO]: [EssentialsSpawn] Disabling EssentialsSpawn v2.21.2-dev+31-9ef4fc3
[01:11:11] [Server thread/INFO]: [craftableinvframes] Disabling craftableinvframes v${version}
[01:11:11] [Server thread/INFO]: [DoubleJump] Disabling DoubleJump v2.9.1
[01:11:11] [Server thread/INFO]: [PlayerKits2] Disabling PlayerKits2 v1.18.2
[01:11:11] [Server thread/INFO]: [PlayerKits²] Has been disabled! Version: 1.18.2
[01:11:11] [Server thread/INFO]: [Multiverse-NetherPortals] Disabling Multiverse-NetherPortals v5.0.3
[01:11:11] [Server thread/INFO]: [Multiverse-NetherPortals] - Disabled
[01:11:11] [Server thread/INFO]: [Veinminer] Disabling Veinminer v2.4.9
[01:11:11] [Server thread/INFO]: [ViaBackwards] Disabling ViaBackwards v5.4.1
[01:11:11] [Server thread/INFO]: [EssentialsChat] Disabling EssentialsChat v2.21.2-dev+31-9ef4fc3
[01:11:11] [Server thread/INFO]: [Geyser-Spigot] Disabling Geyser-Spigot v2.8.3-SNAPSHOT
[01:11:11] [Server thread/INFO]: [Geyser-Spigot] Shutting down Geyser.
[01:11:11] [Server thread/INFO]: [Geyser-Spigot] Geyser shutdown successfully.
[01:11:11] [Server thread/INFO]: [FancyHolograms] Disabling FancyHolograms v2.7.0
[01:11:11] [Server thread/INFO]: [WorldGuard] Disabling WorldGuard v7.0.13+82fdc65
[01:11:11] [FancyLogger/INFO]: [FancyHolograms] (Server thread) INFO: Successfully disabled FancyHolograms version 2.7.0
[01:11:11] [Server thread/INFO]: [WorldGuard] Shutting down executor and cancelling any pending tasks...
[01:11:11] [Server thread/INFO]: [Multiverse-Portals] Disabling Multiverse-Portals v5.1.0
[01:11:11] [Server thread/INFO]: [Essentials] Disabling Essentials v2.21.2-dev+31-9ef4fc3
[01:11:11] [Server thread/INFO]: [Vault] [Economy] Essentials Economy unhooked.
[01:11:11] [Server thread/INFO]: [FancyNpcs] Disabling FancyNpcs v2.7.1
[01:11:11] [Server thread/INFO]: [floodgate] Disabling floodgate v2.2.4-SNAPSHOT (b118-40d320a)
[01:11:11] [FancyLogger/INFO]: [FancyNpcs] (Server thread) INFO: FancyNpcs has been disabled.
[01:11:11] [Server thread/INFO]: [FastAsyncWorldEdit] Disabling FastAsyncWorldEdit v2.13.1-SNAPSHOT-1129;f295594
[01:11:11] [Server thread/INFO]: Unregistering com.sk89q.worldedit.bukkit.BukkitServerInterface from WorldEdit
[01:11:11] [Server thread/INFO]: [Multiverse-Core] Disabling Multiverse-Core v5.2.0
[01:11:11] [Server thread/INFO]: [Vault] Disabling Vault v1.7.3-b131
[01:11:11] [Server thread/INFO]: [PlaceholderAPI] Unregistered placeholder expansion vault
[01:11:11] [Server thread/INFO]: [PlaceholderAPI] Reason: required plugin Vault was disabled.
[01:11:11] [Server thread/INFO]: [PlaceholderAPI] Disabling PlaceholderAPI v2.11.6
[01:11:11] [Server thread/INFO]: [LuckPerms] Disabling LuckPerms v5.5.9
[01:11:11] [Server thread/INFO]: [LuckPerms] Starting shutdown process...
[01:11:11] [Server thread/INFO]: [LuckPerms] Closing storage...
[01:11:11] [WebSocketConnectReadThread-603/INFO]: [Geyser-Spigot] The skin uploader has been closed
[01:11:11] [Server thread/INFO]: [LuckPerms] Goodbye!
[01:11:11] [Server thread/INFO]: [ViaVersion] Disabling ViaVersion v5.4.2
[01:11:11] [Server thread/INFO]: [ViaVersion] ViaVersion has been disabled; uninjected the platform and shut down the scheduler.
[01:11:11] [Server thread/INFO]: Saving players
[01:11:12] [Server thread/INFO]: Saving worlds
[01:11:12] [Server thread/INFO]: Saving chunks for level 'ServerLevel[world]'/minecraft:overworld
[01:11:12] [Server thread/INFO]: [ChunkHolderManager] Waiting 60s for chunk system to halt for world 'world'
[01:11:12] [Server thread/INFO]: [ChunkHolderManager] Halted chunk system for world 'world'
[01:11:12] [Server thread/INFO]: [ChunkHolderManager] Saving all chunkholders for world 'world'
[01:11:12] [Server thread/INFO]: [ChunkHolderManager] Saved 22 block chunks, 87 entity chunks, 0 poi chunks in world 'world' in 0.09s
[01:11:12] [Server thread/INFO]: [ChunkHolderManager] Waiting 60s for chunk I/O to halt for world 'world'
[01:11:12] [Server thread/INFO]: [ChunkHolderManager] Halted I/O scheduler for world 'world'
[01:11:12] [Server thread/INFO]: Saving chunks for level 'ServerLevel[world_nether]'/minecraft:the_nether
[01:11:12] [Server thread/INFO]: [ChunkHolderManager] Waiting 60s for chunk system to halt for world 'world_nether'
[01:11:12] [Server thread/INFO]: [ChunkHolderManager] Halted chunk system for world 'world_nether'
[01:11:12] [Server thread/INFO]: [ChunkHolderManager] Saving all chunkholders for world 'world_nether'
[01:11:12] [Server thread/INFO]: [ChunkHolderManager] Saved 0 block chunks, 0 entity chunks, 0 poi chunks in world 'world_nether' in 0.00s
[01:11:12] [Server thread/INFO]: [ChunkHolderManager] Waiting 60s for chunk I/O to halt for world 'world_nether'
[01:11:12] [Server thread/INFO]: [ChunkHolderManager] Halted I/O scheduler for world 'world_nether'
[01:11:12] [Server thread/INFO]: Saving chunks for level 'ServerLevel[world_the_end]'/minecraft:the_end
[01:11:12] [Server thread/INFO]: [ChunkHolderManager] Waiting 60s for chunk system to halt for world 'world_the_end'
[01:11:12] [Server thread/INFO]: [ChunkHolderManager] Halted chunk system for world 'world_the_end'
[01:11:12] [Server thread/INFO]: [ChunkHolderManager] Saving all chunkholders for world 'world_the_end'
[01:11:12] [Server thread/INFO]: [ChunkHolderManager] Saved 0 block chunks, 29 entity chunks, 0 poi chunks in world 'world_the_end' in 0.01s
[01:11:12] [Server thread/INFO]: [ChunkHolderManager] Waiting 60s for chunk I/O to halt for world 'world_the_end'
[01:11:12] [Server thread/INFO]: [ChunkHolderManager] Halted I/O scheduler for world 'world_the_end'
[01:11:12] [Server thread/INFO]: Saving chunks for level 'ServerLevel[hypixel]'/minecraft:hypixel
[01:11:12] [Server thread/INFO]: [ChunkHolderManager] Waiting 60s for chunk system to halt for world 'hypixel'
[01:11:12] [Server thread/INFO]: [ChunkHolderManager] Halted chunk system for world 'hypixel'
[01:11:12] [Server thread/INFO]: [ChunkHolderManager] Saving all chunkholders for world 'hypixel'
[01:11:12] [Server thread/INFO]: [ChunkHolderManager] Saved 0 block chunks, 19 entity chunks, 0 poi chunks in world 'hypixel' in 0.01s
[01:11:12] [Server thread/INFO]: [ChunkHolderManager] Waiting 60s for chunk I/O to halt for world 'hypixel'
[01:11:12] [Server thread/INFO]: [ChunkHolderManager] Halted I/O scheduler for world 'hypixel'
[01:11:12] [Server thread/INFO]: Saving chunks for level 'ServerLevel[Survival]'/minecraft:survival
[01:11:12] [Server thread/INFO]: [ChunkHolderManager] Waiting 60s for chunk system to halt for world 'Survival'
[01:11:12] [Server thread/INFO]: [ChunkHolderManager] Halted chunk system for world 'Survival'
[01:11:12] [Server thread/INFO]: [ChunkHolderManager] Saving all chunkholders for world 'Survival'
[01:11:12] [Server thread/INFO]: [ChunkHolderManager] Saved 4 block chunks, 24 entity chunks, 0 poi chunks in world 'Survival' in 0.02s
[01:11:12] [Server thread/INFO]: [ChunkHolderManager] Waiting 60s for chunk I/O to halt for world 'Survival'
[01:11:12] [Server thread/INFO]: [ChunkHolderManager] Halted I/O scheduler for world 'Survival'
[01:11:12] [Server thread/INFO]: Saving chunks for level 'ServerLevel[Parcelas]'/minecraft:parcelas
[01:11:12] [Server thread/INFO]: [ChunkHolderManager] Waiting 60s for chunk system to halt for world 'Parcelas'
[01:11:12] [Server thread/INFO]: [ChunkHolderManager] Halted chunk system for world 'Parcelas'
[01:11:12] [Server thread/INFO]: [ChunkHolderManager] Saving all chunkholders for world 'Parcelas'
[01:11:12] [Server thread/INFO]: [ChunkHolderManager] Saved 0 block chunks, 8 entity chunks, 0 poi chunks in world 'Parcelas' in 0.00s
[01:11:12] [Server thread/INFO]: [ChunkHolderManager] Waiting 60s for chunk I/O to halt for world 'Parcelas'
[01:11:12] [Server thread/INFO]: [ChunkHolderManager] Halted I/O scheduler for world 'Parcelas'
[01:11:12] [Server thread/INFO]: ThreadedAnvilChunkStorage (world): All chunks are saved
[01:11:12] [Server thread/INFO]: ThreadedAnvilChunkStorage (DIM-1): All chunks are saved
[01:11:12] [Server thread/INFO]: ThreadedAnvilChunkStorage (DIM1): All chunks are saved
[01:11:12] [Server thread/INFO]: ThreadedAnvilChunkStorage (hypixel): All chunks are saved
[01:11:12] [Server thread/INFO]: ThreadedAnvilChunkStorage (Survival): All chunks are saved
[01:11:12] [Server thread/INFO]: ThreadedAnvilChunkStorage (Parcelas): All chunks are saved
[01:11:12] [Server thread/INFO]: ThreadedAnvilChunkStorage: All dimensions are saved
[01:11:12] [Server thread/INFO]: Waiting for I/O tasks to complete...
[01:11:12] [Server thread/INFO]: All I/O tasks to complete
[01:11:12] [Server thread/INFO]: [MoonriseCommon] Awaiting termination of worker pool for up to 60s...
[01:11:12] [Server thread/INFO]: [MoonriseCommon] Awaiting termination of I/O pool for up to 60s...
